#### DBGLogOpen Called /media/Infinity/dev/BasicGames/b2c/b2c.cpp[2103]
Loading var translations
  Line='# Functions'
  orig_name='#'
  Line=''
  Line='# Intrinsics (Change mangled name back to original name) '
  orig_name='#'
  Line='SPACE_str     | SPACE'
  orig_name='SPACE_str'
  new_name='SPACE'
  Line='MID_str       | MID'
  orig_name='MID_str'
  new_name='MID'
  Line='CHR_str       | CHR'
  orig_name='CHR_str'
  new_name='CHR'
  Line='RIGHT_str     | RIGHT'
  orig_name='RIGHT_str'
  new_name='RIGHT'
  Line='LEFT_str      | LEFT'
  orig_name='LEFT_str'
  new_name='LEFT'
  Line=''
  Line='# Variables'
  orig_name='#'
  Line=''
  Line='# Line numbers'
  orig_name='#'
Finished loading var translations
Translations:
  'CHR_str' --> 'CHR'
  'LEFT_str' --> 'LEFT'
  'MID_str' --> 'MID'
  'RIGHT_str' --> 'RIGHT'
  'SPACE_str' --> 'SPACE'
End Translations.
(PRINTSTMT)basiclval.stype='C$'
(PRINTSTMT)basiclval.stype='C$'
(PRINTSTMT)basiclval.stype='M5'
(PRINTSTMT)basiclval.stype='M6'
(PRINTSTMT)basiclval.stype='D'
(PRINTSTMT)basiclval.stype='D'
(PRINTSTMT)basiclval.stype='I1'
(PRINTSTMT)basiclval.stype='I2'
(PRINTSTMT)basiclval.stype='D'
(PRINTSTMT)basiclval.stype='I'
(PRINTSTMT)basiclval.stype='Y'
(PRINTSTMT)basiclval.stype='C5'
(PRINTSTMT)basiclval.stype='C6'
(PRINTSTMT)basiclval.stype='INT'
(PRINTSTMT)basiclval.stype='E'
(PRINTSTMT)basiclval.stype='INT'
(PRINTSTMT)basiclval.stype='E2'
(PRINTSTMT)basiclval.stype='C$'
(PRINTSTMT)basiclval.stype='INT'
(PRINTSTMT)basiclval.stype='C5'
(PRINTSTMT)basiclval.stype='C1'
(PRINTSTMT)basiclval.stype='INT'
(PRINTSTMT)basiclval.stype='C6'
(PRINTSTMT)basiclval.stype='C2'
(PRINTSTMT)basiclval.stype='C$'
(PRINTSTMT)basiclval.stype='C$'
(PRINTSTMT)basiclval.stype='INT'
(PRINTSTMT)basiclval.stype='C5'
(PRINTSTMT)basiclval.stype='C1'
(PRINTSTMT)basiclval.stype='C$'
(PRINTSTMT)basiclval.stype='C$'
(PRINTSTMT)basiclval.stype='C$'
(PRINTSTMT)basiclval.stype='W'
(PRINTSTMT)basiclval.stype='L'
(PRINTSTMT)basiclval.stype='W'
(PRINTSTMT)basiclval.stype='L'
(PRINTSTMT)basiclval.stype='W0'
(PRINTSTMT)basiclval.stype='INT'
(PRINTSTMT)basiclval.stype='P1'
(PRINTSTMT)basiclval.stype='INT'
(PRINTSTMT)basiclval.stype='P2'
(PRINTSTMT)basiclval.stype='INT'
(PRINTSTMT)basiclval.stype='T1'
(PRINTSTMT)basiclval.stype='INT'
(PRINTSTMT)basiclval.stype='T2'
(PRINTSTMT)basiclval.stype='INT'
(PRINTSTMT)basiclval.stype='T1'
(PRINTSTMT)basiclval.stype='P1'
(PRINTSTMT)basiclval.stype='INT'
(PRINTSTMT)basiclval.stype='T2'
(PRINTSTMT)basiclval.stype='P2'
(PRINTSTMT)basiclval.stype='S'
(PRINTSTMT)basiclval.stype='S2'
(PRINTSTMT)basiclval.stype='S'
(PRINTSTMT)basiclval.stype='S'
(PRINTSTMT)basiclval.stype='Y2'
